Arguments: 
  /usr/bin/node /usr/bin/yarn init --y

PATH: 
  /home/whodeen/.vscode-server/bin/054a9295330880ed74ceaedda236253b4f39a335/bin:/usr/local/sbin:/usr/local/bin:/usr/sbin:/usr/bin:/sbin:/bin:/usr/games:/usr/local/games:/mnt/c/ProgramData/Oracle/Java/javapath:/mnt/c/Windows/system32:/mnt/c/Windows:/mnt/c/Windows/System32/Wbem:/mnt/c/Windows/System32/WindowsPowerShell/v1.0/:/mnt/c/Windows/System32/OpenSSH/:/mnt/c/Program Files/Git/cmd:/mnt/c/Program Files/nodejs/:/mnt/c/Program Files/NVIDIA Corporation/NVIDIA NvDLISR:/mnt/c/Program Files/dotnet/:/mnt/c/Program Files/Microsoft SQL Server/130/Tools/Binn/:/mnt/c/Program Files/Microsoft SQL Server/Client SDK/ODBC/170/Tools/Binn/:/mnt/c/Program Files (x86)/NVIDIA Corporation/PhysX/Common:/mnt/c/Users/fapio/AppData/Local/Microsoft/WindowsApps:/mnt/c/Users/fapio/AppData/Local/Programs/Microsoft VS Code/bin:/mnt/c/Users/fapio/.dotnet/tools:/mnt/c/Users/fapio/AppData/Roaming/npm:/snap/bin

Yarn version: 
  1.22.10

Node version: 
  14.17.0

Platform: 
  linux x64

Trace: 
  Error: canceled
      at Interface.<anonymous> (/usr/lib/node_modules/yarn/lib/cli.js:136216:13)
      at Interface.emit (events.js:376:20)
      at Interface._ttyWrite (readline.js:880:16)
      at ReadStream.onkeypress (readline.js:213:10)
      at ReadStream.emit (events.js:376:20)
      at emitKeys (internal/readline/utils.js:345:14)
      at emitKeys.next (<anonymous>)
      at ReadStream.onData (readline.js:1149:36)
      at ReadStream.emit (events.js:376:20)
      at addChunk (internal/streams/readable.js:309:12)

npm manifest: 
  No manifest

yarn manifest: 
  No manifest

Lockfile: 
  No lockfile
